2025-04-24 15:35:53,318 - DEBUG - _OPCDA_.connect: Trying to access OPC server OPC.DELTAV.1 from computer name/ip : 10.4.0.6 
2025-04-24 15:35:53,489 - DEBUG - _OPCDA_.GetServerStatus: Server OPC.DELTAV.1 status: {'author': 'juda.wu', 'version': '1.1.0', 'ServerState': 1, 'ServerNode': '10.4.0.6', 'ServerName': 'OPC.DELTAV.1', 'MajorVersion': 14, 'MinorVersion': 3, 'BuildNumber': 7282, 'VendorInfo': 'Fisher-Rosemount Systems Inc. DeltaV OPC Data Server', 'CurrentTime': pywintypes.datetime(2025, 4, 24, 15, 35, 53, tzinfo=TimeZoneInfo('GMT Standard Time', True)), 'StartTime': pywintypes.datetime(2025, 4, 24, 11, 42, 37, tzinfo=TimeZoneInfo('GMT Standard Time', True)), 'LastUpdateTime': pywintypes.datetime(2025, 4, 24, 15, 35, 53, tzinfo=TimeZoneInfo('GMT Standard Time', True)), 'ClientName': 'DeltaVDAClient'}
2025-04-24 15:35:53,490 - INFO - _OPCDA_connect: Successfully connected to OPC server OPC.DELTAV.1 on 10.4.0.6
2025-04-24 15:35:53,491 - ERROR - maximum recursion depth exceeded
2025-04-24 15:35:53,491 - DEBUG - _OPCDA_.disconnect:Attempting to disconnect from OPC server OPC.DELTAV.1
2025-04-24 15:35:53,491 - INFO - _OPCDA_.disconnect:Successfully disconnected to opc da server OPC.DELTAV.1
2025-04-24 15:38:06,400 - DEBUG - _OPCDA_.connect: Trying to access OPC server OPC.DELTAV.1 from computer name/ip : 10.4.0.6 
2025-04-24 15:38:06,561 - DEBUG - _OPCDA_.GetServerStatus: Server OPC.DELTAV.1 status: {'author': 'juda.wu', 'version': '1.1.0', 'ServerState': 1, 'ServerNode': '10.4.0.6', 'ServerName': 'OPC.DELTAV.1', 'MajorVersion': 14, 'MinorVersion': 3, 'BuildNumber': 7282, 'VendorInfo': 'Fisher-Rosemount Systems Inc. DeltaV OPC Data Server', 'CurrentTime': pywintypes.datetime(2025, 4, 24, 15, 38, 6, tzinfo=TimeZoneInfo('GMT Standard Time', True)), 'StartTime': pywintypes.datetime(2025, 4, 24, 11, 42, 37, tzinfo=TimeZoneInfo('GMT Standard Time', True)), 'LastUpdateTime': pywintypes.datetime(2025, 4, 24, 15, 38, 6, tzinfo=TimeZoneInfo('GMT Standard Time', True)), 'ClientName': 'DeltaVDAClient'}
2025-04-24 15:38:06,562 - INFO - _OPCDA_connect: Successfully connected to OPC server OPC.DELTAV.1 on 10.4.0.6
2025-04-24 15:38:07,009 - DEBUG - _OPCDA_.GetOPCServers: Found 5 OPC DA servers: ['OPC.DeltaV.1', 'DeltaV.DVSYSsvr.1', 'DELTAV.SisOpcSvr.1', 'Intellution.OPCEDA.3', 'Intellution.OPCiFIX.1']
2025-04-24 15:38:07,012 - DEBUG - _OPCDA_.GetServerMethods:Available methods and attributes for OPC.DELTAV.1: ['Bandwidth', 'BuildNumber', 'CLSID', 'ClientName', 'Connect', 'CreateBrowser', 'CurrentTime', 'Disconnect', 'GetErrorString', 'GetItemProperties', 'GetOPCServers', 'LastUpdateTime', 'LocaleID', 'LookupItemIDs', 'MajorVersion', 'MinorVersion', 'OPCGroups', 'PublicGroupNames', 'QueryAvailableLocaleIDs', 'QueryAvailableProperties', 'ServerName', 'ServerNode', 'ServerState', 'StartTime', 'VendorInfo', '_ApplyTypes_', '__call__', '__class__', '__delattr__', '__dict__', '__dir__', '__doc__', '__eq__', '__firstlineno__', '__format__', '__ge__', '__getattr__', '__getattribute__', '__getstate__', '__gt__', '__hash__', '__init__', '__init_subclass__', '__int__', '__iter__', '__le__', '__lt__', '__module__', '__ne__', '__new__', '__reduce__', '__reduce_ex__', '__repr__', '__setattr__', '__sizeof__', '__static_attributes__', '__str__', '__subclasshook__', '__weakref__', '_get_good_object_', '_get_good_single_object_', '_oleobj_', '_prop_map_get_', '_prop_map_put_', 'coclass_clsid']
2025-04-24 15:38:07,013 - DEBUG - _OPCDA_SetClientName:  Client name set to: MyPythonClient
2025-04-24 15:38:07,017 - DEBUG - _OPCDA_.GetServerStatus: Server OPC.DELTAV.1 status: {'author': 'juda.wu', 'version': '1.1.0', 'ServerState': 1, 'ServerNode': '10.4.0.6', 'ServerName': 'OPC.DELTAV.1', 'MajorVersion': 14, 'MinorVersion': 3, 'BuildNumber': 7282, 'VendorInfo': 'Fisher-Rosemount Systems Inc. DeltaV OPC Data Server', 'CurrentTime': pywintypes.datetime(2025, 4, 24, 15, 38, 7, tzinfo=TimeZoneInfo('GMT Standard Time', True)), 'StartTime': pywintypes.datetime(2025, 4, 24, 11, 42, 37, tzinfo=TimeZoneInfo('GMT Standard Time', True)), 'LastUpdateTime': pywintypes.datetime(2025, 4, 24, 15, 38, 6, tzinfo=TimeZoneInfo('GMT Standard Time', True)), 'ClientName': 'MyPythonClient'}
2025-04-24 15:38:08,351 - DEBUG - _OPCDA_.browse_items: Browser OPC da server OPC.DELTAV.1 attributes: ['AccessRights', 'CLSID', 'Count', 'CurrentPosition', 'DataType', 'Filter', 'GetAccessPaths', 'GetItemID', 'Item', 'MoveDown', 'MoveTo', 'MoveToRoot', 'MoveUp', 'Organization', 'ShowBranches', 'ShowLeafs', '_ApplyTypes_', '__bool__', '__class__', '__delattr__', '__dict__', '__dir__', '__doc__', '__eq__', '__firstlineno__', '__format__', '__ge__', '__getattr__', '__getattribute__', '__getitem__', '__getstate__', '__gt__', '__hash__', '__init__', '__init_subclass__', '__iter__', '__le__', '__len__', '__lt__', '__module__', '__ne__', '__new__', '__reduce__', '__reduce_ex__', '__repr__', '__setattr__', '__sizeof__', '__static_attributes__', '__str__', '__subclasshook__', '__weakref__', '_get_good_object_', '_get_good_single_object_', '_oleobj_', '_prop_map_get_', '_prop_map_put_', 'coclass_clsid']
2025-04-24 15:38:08,355 - INFO - _OPCDA_.browse_items: OPC da server OPC.DELTAV.1 Items under MODULES.AREA_V1.V1-IO.AI1_SCI1 up to level 1: ['MODULES.AREA_V1.V1-IO.AI1_SCI1.EU100', 'MODULES.AREA_V1.V1-IO.AI1_SCI1.EU0', 'MODULES.AREA_V1.V1-IO.AI1_SCI1.UNITS', 'MODULES.AREA_V1.V1-IO.AI1_SCI1.DECPT', 'MODULES.AREA_V1.V1-IO.AI1_SCI1.ST', 'MODULES.AREA_V1.V1-IO.AI1_SCI1.CST', 'MODULES.AREA_V1.V1-IO.AI1_SCI1.AWST']
2025-04-24 15:38:09,403 - DEBUG - _OPCDA_.read:  read V1-IO/DO1_NA_PV.CV from OPC DA server OPC.DELTAV.1,value is 0.12188154458999634, quality is 192, timestamp is 2025-04-24 15:38:09+00:00
2025-04-24 15:38:09,406 - DEBUG - _OPCDA_.read:  read V1-IO/PH1_MV_PV.CV from OPC DA server OPC.DELTAV.1,value is -18.968231201171875, quality is 192, timestamp is 2025-04-24 15:38:09+00:00
2025-04-24 15:38:09,410 - DEBUG - _OPCDA_.read:  read PROPLUS/FREMEM.CV from OPC DA server OPC.DELTAV.1,value is 41987756.0, quality is 192, timestamp is 2025-04-24 15:38:09+00:00
2025-04-24 15:38:09,413 - DEBUG - _OPCDA_.read:  read V1-AI-1/FS_CTRL1/MOD_DESC.CV from OPC DA server OPC.DELTAV.1,value is 212, quality is 192, timestamp is 2025-04-24 15:38:09+00:00
2025-04-24 15:38:09,504 - DEBUG - _OPCDA_.write: Successfully wrote 32767 to V1-IO/AI1_SCI1.EU100 to OPC da server  OPC.DELTAV.1
2025-04-24 15:38:09,513 - DEBUG - _OPCDA_.write: Successfully wrote 8 to V1-AIC-DO/PID1/MODE.TARGET to OPC da server  OPC.DELTAV.1
2025-04-24 15:38:09,520 - DEBUG - _OPCDA_.write: Successfully wrote AI1 test to V1-AI-1/FS_CTRL1/MOD_DESC.CV to OPC da server  OPC.DELTAV.1
2025-04-24 15:38:10,544 - DEBUG - _OPCDA_.read:  read V1-IO/AI1_SCI1.EU100 from OPC DA server OPC.DELTAV.1,value is 32767.0, quality is 192, timestamp is 2025-04-24 15:38:10+00:00
2025-04-24 15:38:10,545 - DEBUG - _OPCDA_.read:  read V1-AIC-DO/PID1/MODE.TARGET from OPC DA server OPC.DELTAV.1,value is 8.0, quality is 192, timestamp is 2025-04-24 15:38:10+00:00
2025-04-24 15:38:10,546 - DEBUG - _OPCDA_.read:  read V1-AI-1/FS_CTRL1/MOD_DESC.CV from OPC DA server OPC.DELTAV.1,value is AI1 test, quality is 192, timestamp is 2025-04-24 15:38:10+00:00
2025-04-24 15:38:10,549 - DEBUG - _OPCDA_.poll: Starting poll for ['V1-IO/AI1_SCI1.EU100', 'V1-AIC-DO/PID1/MODE.TARGET', 'V1-AI-1/FS_CTRL1/MOD_DESC.CV'] every 2.0 seconds
2025-04-24 15:38:11,568 - DEBUG - _OPCDA_.read:  read V1-IO/AI1_SCI1.EU100 from OPC DA server OPC.DELTAV.1,value is 32767.0, quality is 192, timestamp is 2025-04-24 15:38:11+00:00
2025-04-24 15:38:11,568 - DEBUG - _OPCDA_.read:  read V1-AIC-DO/PID1/MODE.TARGET from OPC DA server OPC.DELTAV.1,value is 8.0, quality is 192, timestamp is 2025-04-24 15:38:11+00:00
2025-04-24 15:38:11,569 - DEBUG - _OPCDA_.read:  read V1-AI-1/FS_CTRL1/MOD_DESC.CV from OPC DA server OPC.DELTAV.1,value is AI1 test, quality is 192, timestamp is 2025-04-24 15:38:11+00:00
2025-04-24 15:38:13,572 - DEBUG - _OPCDA_.poll: Reached max time (3.0 seconds), stopping poll
2025-04-24 15:38:13,573 - DEBUG - _OPCDA_.poll: Starting poll for ['V1-IO/AI1_SCI1.EU100', 'V1-AIC-DO/PID1/MODE.TARGET', 'V1-AI-1/FS_CTRL1/MOD_DESC.CV'] every 2.0 seconds
2025-04-24 15:38:14,603 - DEBUG - _OPCDA_.read:  read V1-IO/AI1_SCI1.EU100 from OPC DA server OPC.DELTAV.1,value is 32767.0, quality is 192, timestamp is 2025-04-24 15:38:14+00:00
2025-04-24 15:38:14,603 - DEBUG - _OPCDA_.read:  read V1-AIC-DO/PID1/MODE.TARGET from OPC DA server OPC.DELTAV.1,value is 8.0, quality is 192, timestamp is 2025-04-24 15:38:14+00:00
2025-04-24 15:38:14,604 - DEBUG - _OPCDA_.read:  read V1-AI-1/FS_CTRL1/MOD_DESC.CV from OPC DA server OPC.DELTAV.1,value is AI1 test, quality is 192, timestamp is 2025-04-24 15:38:14+00:00
2025-04-24 15:38:16,605 - DEBUG - _OPCDA_.poll: Reached max time (3.0 seconds), stopping poll
2025-04-24 15:38:16,605 - ERROR - _OPCDA_.GetErrorDescription:Failed to get error string for 2147500037 (0x80004005): Python int too large to convert to C long
2025-04-24 15:38:16,607 - DEBUG - _OPCDA_.GetErrorDescription: Error -2147467259 (0x80004005): Unspecified error

2025-04-24 15:38:16,608 - DEBUG - _OPCDA_.GetErrorDescription: Error 0 (0x00000000): The operation completed successfully.

2025-04-24 15:38:16,610 - INFO - _OPCDA_.GetBandwidth: OPC DA SEVER OPC.DELTAV.1 Current bandwidth: 0
2025-04-24 15:38:27,200 - DEBUG - _OPCDA_.read:  read V1-IO/AI1_SCI1.EU100 from OPC DA server OPC.DELTAV.1,value is 32767.0, quality is 192, timestamp is 2025-04-24 15:38:27+00:00
2025-04-24 15:38:27,202 - DEBUG - _OPCDA_.read:  read V1-AIC-DO/PID1/MODE.TARGET from OPC DA server OPC.DELTAV.1,value is 8.0, quality is 192, timestamp is 2025-04-24 15:38:27+00:00
2025-04-24 15:38:27,204 - DEBUG - _OPCDA_.read:  read V1-AI-1/FS_CTRL1/MOD_DESC.CV from OPC DA server OPC.DELTAV.1,value is AI1 test, quality is 192, timestamp is 2025-04-24 15:38:27+00:00
2025-04-24 15:38:27,222 - DEBUG - _OPCDA_.subscribe:Subscribed to ['V1-IO/AI1_SCI1.EU100', 'V1-AIC-DO/PID1/MODE.TARGET', 'V1-AI-1/FS_CTRL1/MOD_DESC.CV'] with update rate 1000ms from OPC da server OPC.DELTAV.1
2025-04-24 15:38:28,225 - DEBUG - _OPCDA_.stop_subscribe: Subscription SubscribeCountGroup stopped successfully from OPC da server OPC.DELTAV.1
2025-04-24 15:38:32,990 - DEBUG - _OPCDA_.read:  read V1-IO/AI1_SCI1.EU100 from OPC DA server OPC.DELTAV.1,value is 32767.0, quality is 192, timestamp is 2025-04-24 15:38:32+00:00
2025-04-24 15:38:32,992 - DEBUG - _OPCDA_.read:  read V1-AIC-DO/PID1/MODE.TARGET from OPC DA server OPC.DELTAV.1,value is 8.0, quality is 192, timestamp is 2025-04-24 15:38:32+00:00
2025-04-24 15:38:32,992 - DEBUG - _OPCDA_.read:  read V1-AI-1/FS_CTRL1/MOD_DESC.CV from OPC DA server OPC.DELTAV.1,value is AI1 test, quality is 192, timestamp is 2025-04-24 15:38:32+00:00
2025-04-24 15:38:32,999 - DEBUG - _OPCDA_.subscribe:Subscribed to ['V1-IO/AI1_SCI1.EU100', 'V1-AIC-DO/PID1/MODE.TARGET', 'V1-AI-1/FS_CTRL1/MOD_DESC.CV'] with update rate 1000ms from OPC da server OPC.DELTAV.1
2025-04-24 15:38:34,011 - DEBUG - _OPCDA_.stop_subscribe: Subscription SubscribeTimeGroup stopped successfully from OPC da server OPC.DELTAV.1
2025-04-24 15:38:35,054 - DEBUG - _OPCDA_.read:  read V1-IO/AI1_SCI1.EU100 from OPC DA server OPC.DELTAV.1,value is 32767.0, quality is 192, timestamp is 2025-04-24 15:38:35+00:00
2025-04-24 15:38:35,056 - DEBUG - _OPCDA_.read:  read V1-AIC-DO/PID1/MODE.TARGET from OPC DA server OPC.DELTAV.1,value is 8.0, quality is 192, timestamp is 2025-04-24 15:38:35+00:00
2025-04-24 15:38:35,059 - DEBUG - _OPCDA_.read:  read V1-AI-1/FS_CTRL1/MOD_DESC.CV from OPC DA server OPC.DELTAV.1,value is AI1 test, quality is 192, timestamp is 2025-04-24 15:38:35+00:00
2025-04-24 15:38:35,072 - DEBUG - _OPCDA_.subscribe:Subscribed to ['V1-IO/AI1_SCI1.EU100', 'V1-AIC-DO/PID1/MODE.TARGET', 'V1-AI-1/FS_CTRL1/MOD_DESC.CV'] with update rate 1000ms from OPC da server OPC.DELTAV.1
2025-04-24 15:38:48,610 - DEBUG - _OPCDA_.stop_subscribe: Subscription ManualStopGroup stopped successfully from OPC da server OPC.DELTAV.1
2025-04-24 15:38:48,610 - DEBUG - _OPCDA_.disconnect:Attempting to disconnect from OPC server OPC.DELTAV.1
2025-04-24 15:38:48,610 - INFO - _OPCDA_.disconnect:Successfully disconnected to opc da server OPC.DELTAV.1
2025-04-24 15:43:08,033 - DEBUG - _OPCDA_.connect: Trying to access OPC server OPC.DELTAV.1 from computer name/ip : 10.4.0.6 
2025-04-24 15:43:08,178 - DEBUG - _OPCDA_.GetServerStatus: Server OPC.DELTAV.1 status: {'author': 'juda.wu', 'version': '1.1.0', 'ServerState': 1, 'ServerNode': '10.4.0.6', 'ServerName': 'OPC.DELTAV.1', 'MajorVersion': 14, 'MinorVersion': 3, 'BuildNumber': 7282, 'VendorInfo': 'Fisher-Rosemount Systems Inc. DeltaV OPC Data Server', 'CurrentTime': pywintypes.datetime(2025, 4, 24, 15, 43, 8, tzinfo=TimeZoneInfo('GMT Standard Time', True)), 'StartTime': pywintypes.datetime(2025, 4, 24, 11, 42, 37, tzinfo=TimeZoneInfo('GMT Standard Time', True)), 'LastUpdateTime': pywintypes.datetime(2025, 4, 24, 15, 43, 8, tzinfo=TimeZoneInfo('GMT Standard Time', True)), 'ClientName': 'DeltaVDAClient'}
2025-04-24 15:43:08,179 - INFO - _OPCDA_connect: Successfully connected to OPC server OPC.DELTAV.1 on 10.4.0.6
2025-04-24 15:43:08,520 - DEBUG - _OPCDA_.GetOPCServers: Found 5 OPC DA servers: ['OPC.DeltaV.1', 'DeltaV.DVSYSsvr.1', 'DELTAV.SisOpcSvr.1', 'Intellution.OPCEDA.3', 'Intellution.OPCiFIX.1']
2025-04-24 15:43:08,521 - DEBUG - _OPCDA_.GetServerMethods:Available methods and attributes for OPC.DELTAV.1: ['Bandwidth', 'BuildNumber', 'CLSID', 'ClientName', 'Connect', 'CreateBrowser', 'CurrentTime', 'Disconnect', 'GetErrorString', 'GetItemProperties', 'GetOPCServers', 'LastUpdateTime', 'LocaleID', 'LookupItemIDs', 'MajorVersion', 'MinorVersion', 'OPCGroups', 'PublicGroupNames', 'QueryAvailableLocaleIDs', 'QueryAvailableProperties', 'ServerName', 'ServerNode', 'ServerState', 'StartTime', 'VendorInfo', '_ApplyTypes_', '__call__', '__class__', '__delattr__', '__dict__', '__dir__', '__doc__', '__eq__', '__firstlineno__', '__format__', '__ge__', '__getattr__', '__getattribute__', '__getstate__', '__gt__', '__hash__', '__init__', '__init_subclass__', '__int__', '__iter__', '__le__', '__lt__', '__module__', '__ne__', '__new__', '__reduce__', '__reduce_ex__', '__repr__', '__setattr__', '__sizeof__', '__static_attributes__', '__str__', '__subclasshook__', '__weakref__', '_get_good_object_', '_get_good_single_object_', '_oleobj_', '_prop_map_get_', '_prop_map_put_', 'coclass_clsid']
2025-04-24 15:43:08,522 - DEBUG - _OPCDA_SetClientName:  Client name set to: MyPythonClient
2025-04-24 15:43:08,526 - DEBUG - _OPCDA_.GetServerStatus: Server OPC.DELTAV.1 status: {'author': 'juda.wu', 'version': '1.1.0', 'ServerState': 1, 'ServerNode': '10.4.0.6', 'ServerName': 'OPC.DELTAV.1', 'MajorVersion': 14, 'MinorVersion': 3, 'BuildNumber': 7282, 'VendorInfo': 'Fisher-Rosemount Systems Inc. DeltaV OPC Data Server', 'CurrentTime': pywintypes.datetime(2025, 4, 24, 15, 43, 8, tzinfo=TimeZoneInfo('GMT Standard Time', True)), 'StartTime': pywintypes.datetime(2025, 4, 24, 11, 42, 37, tzinfo=TimeZoneInfo('GMT Standard Time', True)), 'LastUpdateTime': pywintypes.datetime(2025, 4, 24, 15, 43, 8, tzinfo=TimeZoneInfo('GMT Standard Time', True)), 'ClientName': 'MyPythonClient'}
2025-04-24 15:43:09,509 - DEBUG - _OPCDA_.browse_items: Browser OPC da server OPC.DELTAV.1 attributes: ['AccessRights', 'CLSID', 'Count', 'CurrentPosition', 'DataType', 'Filter', 'GetAccessPaths', 'GetItemID', 'Item', 'MoveDown', 'MoveTo', 'MoveToRoot', 'MoveUp', 'Organization', 'ShowBranches', 'ShowLeafs', '_ApplyTypes_', '__bool__', '__class__', '__delattr__', '__dict__', '__dir__', '__doc__', '__eq__', '__firstlineno__', '__format__', '__ge__', '__getattr__', '__getattribute__', '__getitem__', '__getstate__', '__gt__', '__hash__', '__init__', '__init_subclass__', '__iter__', '__le__', '__len__', '__lt__', '__module__', '__ne__', '__new__', '__reduce__', '__reduce_ex__', '__repr__', '__setattr__', '__sizeof__', '__static_attributes__', '__str__', '__subclasshook__', '__weakref__', '_get_good_object_', '_get_good_single_object_', '_oleobj_', '_prop_map_get_', '_prop_map_put_', 'coclass_clsid']
2025-04-24 15:43:09,513 - INFO - _OPCDA_.browse_items: OPC da server OPC.DELTAV.1 Items under MODULES.AREA_V1.V1-IO.AI1_SCI1 up to level 1: ['MODULES.AREA_V1.V1-IO.AI1_SCI1.EU100', 'MODULES.AREA_V1.V1-IO.AI1_SCI1.EU0', 'MODULES.AREA_V1.V1-IO.AI1_SCI1.UNITS', 'MODULES.AREA_V1.V1-IO.AI1_SCI1.DECPT', 'MODULES.AREA_V1.V1-IO.AI1_SCI1.ST', 'MODULES.AREA_V1.V1-IO.AI1_SCI1.CST', 'MODULES.AREA_V1.V1-IO.AI1_SCI1.AWST']
2025-04-24 15:43:10,586 - DEBUG - _OPCDA_.read:  read V1-IO/DO1_NA_PV.CV from OPC DA server OPC.DELTAV.1,value is 0.12188154458999634, quality is 192, timestamp is 2025-04-24 15:43:10+00:00
2025-04-24 15:43:10,588 - DEBUG - _OPCDA_.read:  read V1-IO/PH1_MV_PV.CV from OPC DA server OPC.DELTAV.1,value is -18.968231201171875, quality is 192, timestamp is 2025-04-24 15:43:10+00:00
2025-04-24 15:43:10,591 - DEBUG - _OPCDA_.read:  read PROPLUS/FREMEM.CV from OPC DA server OPC.DELTAV.1,value is 41972652.0, quality is 192, timestamp is 2025-04-24 15:43:10+00:00
2025-04-24 15:43:10,602 - DEBUG - _OPCDA_.read:  read V1-AI-1/FS_CTRL1/MOD_DESC.CV from OPC DA server OPC.DELTAV.1,value is AI1 test, quality is 192, timestamp is 2025-04-24 15:43:10+00:00
2025-04-24 15:43:10,754 - DEBUG - _OPCDA_.write: Successfully wrote 32767 to V1-IO/AI1_SCI1.EU100 to OPC da server  OPC.DELTAV.1
2025-04-24 15:43:10,756 - DEBUG - _OPCDA_.write: Successfully wrote 8 to V1-AIC-DO/PID1/MODE.TARGET to OPC da server  OPC.DELTAV.1
2025-04-24 15:43:10,760 - DEBUG - _OPCDA_.write: Successfully wrote AI1 test to V1-AI-1/FS_CTRL1/MOD_DESC.CV to OPC da server  OPC.DELTAV.1
2025-04-24 15:43:11,788 - DEBUG - _OPCDA_.read:  read V1-IO/AI1_SCI1.EU100 from OPC DA server OPC.DELTAV.1,value is 32767.0, quality is 192, timestamp is 2025-04-24 15:43:11+00:00
2025-04-24 15:43:11,790 - DEBUG - _OPCDA_.read:  read V1-AIC-DO/PID1/MODE.TARGET from OPC DA server OPC.DELTAV.1,value is 8.0, quality is 192, timestamp is 2025-04-24 15:43:11+00:00
2025-04-24 15:43:11,790 - DEBUG - _OPCDA_.read:  read V1-AI-1/FS_CTRL1/MOD_DESC.CV from OPC DA server OPC.DELTAV.1,value is AI1 test, quality is 192, timestamp is 2025-04-24 15:43:11+00:00
2025-04-24 15:43:11,793 - DEBUG - _OPCDA_.poll: Starting poll for ['V1-IO/AI1_SCI1.EU100', 'V1-AIC-DO/PID1/MODE.TARGET', 'V1-AI-1/FS_CTRL1/MOD_DESC.CV'] every 2.0 seconds
2025-04-24 15:43:12,820 - DEBUG - _OPCDA_.read:  read V1-IO/AI1_SCI1.EU100 from OPC DA server OPC.DELTAV.1,value is 32767.0, quality is 192, timestamp is 2025-04-24 15:43:12+00:00
2025-04-24 15:43:12,824 - DEBUG - _OPCDA_.read:  read V1-AIC-DO/PID1/MODE.TARGET from OPC DA server OPC.DELTAV.1,value is 8.0, quality is 192, timestamp is 2025-04-24 15:43:12+00:00
2025-04-24 15:43:12,826 - DEBUG - _OPCDA_.read:  read V1-AI-1/FS_CTRL1/MOD_DESC.CV from OPC DA server OPC.DELTAV.1,value is AI1 test, quality is 192, timestamp is 2025-04-24 15:43:12+00:00
2025-04-24 15:43:14,828 - DEBUG - _OPCDA_.poll: Reached max time (3.0 seconds), stopping poll
2025-04-24 15:43:14,829 - DEBUG - _OPCDA_.poll: Starting poll for ['V1-IO/AI1_SCI1.EU100', 'V1-AIC-DO/PID1/MODE.TARGET', 'V1-AI-1/FS_CTRL1/MOD_DESC.CV'] every 2.0 seconds
2025-04-24 15:43:15,854 - DEBUG - _OPCDA_.read:  read V1-IO/AI1_SCI1.EU100 from OPC DA server OPC.DELTAV.1,value is 32767.0, quality is 192, timestamp is 2025-04-24 15:43:15+00:00
2025-04-24 15:43:15,855 - DEBUG - _OPCDA_.read:  read V1-AIC-DO/PID1/MODE.TARGET from OPC DA server OPC.DELTAV.1,value is 8.0, quality is 192, timestamp is 2025-04-24 15:43:15+00:00
2025-04-24 15:43:15,856 - DEBUG - _OPCDA_.read:  read V1-AI-1/FS_CTRL1/MOD_DESC.CV from OPC DA server OPC.DELTAV.1,value is AI1 test, quality is 192, timestamp is 2025-04-24 15:43:15+00:00
2025-04-24 15:43:16,624 - DEBUG - _OPCDA_.disconnect:Attempting to disconnect from OPC server OPC.DELTAV.1
2025-04-24 15:43:16,624 - INFO - _OPCDA_.disconnect:Successfully disconnected to opc da server OPC.DELTAV.1
